2025-07-29 14:55:03.483 [restartedMain] [INFO] [logger{36}] - Starting CustomApplication using Java 21.0.8 with PID 11568 (C:\Users\moveint\IdeaProjects\custom\build\classes\java\main started by moveint in C:\Users\moveint\IdeaProjects\custom)
2025-07-29 14:55:03.492 [restartedMain] [DEBUG] [logger{36}] - Running with Spring Boot v3.5.4, Spring v6.2.9
2025-07-29 14:55:03.492 [restartedMain] [INFO] [logger{36}] - No active profile set, falling back to 1 default profile: "default"
2025-07-29 14:55:03.556 [restartedMain] [INFO] [logger{36}] - Devtools property defaults active! Set 'spring.devtools.add-properties' to 'false' to disable
2025-07-29 14:55:03.556 [restartedMain] [INFO] [logger{36}] - For additional web related logging consider setting the 'logging.level.web' property to 'DEBUG'
2025-07-29 14:55:05.767 [restartedMain] [INFO] [logger{36}] - Multiple Spring Data modules found, entering strict repository configuration mode
2025-07-29 14:55:05.769 [restartedMain] [INFO] [logger{36}] - Bootstrapping Spring Data JDBC repositories in DEFAULT mode.
2025-07-29 14:55:05.795 [restartedMain] [INFO] [logger{36}] - Finished Spring Data repository scanning in 16 ms. Found 0 JDBC repository interfaces.
2025-07-29 14:55:05.809 [restartedMain] [INFO] [logger{36}] - Multiple Spring Data modules found, entering strict repository configuration mode
2025-07-29 14:55:05.811 [restartedMain] [INFO] [logger{36}] - Bootstrapping Spring Data JPA repositories in DEFAULT mode.
2025-07-29 14:55:05.821 [restartedMain] [INFO] [logger{36}] - Finished Spring Data repository scanning in 4 ms. Found 0 JPA repository interfaces.
2025-07-29 14:55:05.838 [restartedMain] [INFO] [logger{36}] - Multiple Spring Data modules found, entering strict repository configuration mode
2025-07-29 14:55:05.839 [restartedMain] [INFO] [logger{36}] - Bootstrapping Spring Data Redis repositories in DEFAULT mode.
2025-07-29 14:55:05.855 [restartedMain] [INFO] [logger{36}] - Finished Spring Data repository scanning in 4 ms. Found 0 Redis repository interfaces.
2025-07-29 14:55:06.763 [restartedMain] [INFO] [logger{36}] - Tomcat initialized with port 8080 (http)
2025-07-29 14:55:06.781 [restartedMain] [INFO] [logger{36}] - Starting service [Tomcat]
2025-07-29 14:55:06.782 [restartedMain] [INFO] [logger{36}] - Starting Servlet engine: [Apache Tomcat/10.1.43]
2025-07-29 14:55:06.945 [restartedMain] [INFO] [logger{36}] - Initializing Spring embedded WebApplicationContext
2025-07-29 14:55:06.946 [restartedMain] [INFO] [logger{36}] - Root WebApplicationContext: initialization completed in 3388 ms
2025-07-29 14:55:07.236 [restartedMain] [INFO] [logger{36}] - HikariPool-1 - Starting...
2025-07-29 14:55:08.299 [restartedMain] [WARN] [logger{36}] - Exception encountered during context initialization - cancelling refresh attempt: org.springframework.beans.factory.BeanCreationException: Error creating bean with name 'entityManagerFactory' defined in class path resource [org/springframework/boot/autoconfigure/orm/jpa/HibernateJpaConfiguration.class]: Failed to initialize dependency 'batchDataSourceInitializer' of LoadTimeWeaverAware bean 'entityManagerFactory': Error creating bean with name 'batchDataSourceInitializer' defined in class path resource [org/springframework/boot/autoconfigure/batch/BatchAutoConfiguration$DataSourceInitializerConfiguration.class]: Failed to instantiate [org.springframework.boot.autoconfigure.batch.BatchDataSourceScriptDatabaseInitializer]: Factory method 'batchDataSourceInitializer' threw exception with message: Failed to determine DatabaseDriver
2025-07-29 14:55:08.302 [restartedMain] [INFO] [logger{36}] - Stopping service [Tomcat]
2025-07-29 14:55:08.323 [restartedMain] [INFO] [logger{36}] - 

Error starting ApplicationContext. To display the condition evaluation report re-run your application with 'debug' enabled.
2025-07-29 14:55:08.359 [restartedMain] [ERROR] [logger{36}] - Application run failed
org.springframework.beans.factory.BeanCreationException: Error creating bean with name 'entityManagerFactory' defined in class path resource [org/springframework/boot/autoconfigure/orm/jpa/HibernateJpaConfiguration.class]: Failed to initialize dependency 'batchDataSourceInitializer' of LoadTimeWeaverAware bean 'entityManagerFactory': Error creating bean with name 'batchDataSourceInitializer' defined in class path resource [org/springframework/boot/autoconfigure/batch/BatchAutoConfiguration$DataSourceInitializerConfiguration.class]: Failed to instantiate [org.springframework.boot.autoconfigure.batch.BatchDataSourceScriptDatabaseInitializer]: Factory method 'batchDataSourceInitializer' threw exception with message: Failed to determine DatabaseDriver
	at org.springframework.beans.factory.support.AbstractBeanFactory.doGetBean(AbstractBeanFactory.java:328)
	at org.springframework.beans.factory.support.AbstractBeanFactory.getBean(AbstractBeanFactory.java:207)
	at org.springframework.context.support.AbstractApplicationContext.finishBeanFactoryInitialization(AbstractApplicationContext.java:970)
	at org.springframework.context.support.AbstractApplicationContext.refresh(AbstractApplicationContext.java:627)
	at org.springframework.boot.web.servlet.context.ServletWebServerApplicationContext.refresh(ServletWebServerApplicationContext.java:146)
	at org.springframework.boot.SpringApplication.refresh(SpringApplication.java:752)
	at org.springframework.boot.SpringApplication.refreshContext(SpringApplication.java:439)
	at org.springframework.boot.SpringApplication.run(SpringApplication.java:318)
	at org.springframework.boot.SpringApplication.run(SpringApplication.java:1361)
	at org.springframework.boot.SpringApplication.run(SpringApplication.java:1350)
	at com.hjk.custom.CustomApplication.main(CustomApplication.java:10)
	at java.base/jdk.internal.reflect.DirectMethodHandleAccessor.invoke(DirectMethodHandleAccessor.java:103)
	at java.base/java.lang.reflect.Method.invoke(Method.java:580)
	at org.springframework.boot.devtools.restart.RestartLauncher.run(RestartLauncher.java:50)
Caused by: org.springframework.beans.factory.BeanCreationException: Error creating bean with name 'batchDataSourceInitializer' defined in class path resource [org/springframework/boot/autoconfigure/batch/BatchAutoConfiguration$DataSourceInitializerConfiguration.class]: Failed to instantiate [org.springframework.boot.autoconfigure.batch.BatchDataSourceScriptDatabaseInitializer]: Factory method 'batchDataSourceInitializer' threw exception with message: Failed to determine DatabaseDriver
	at org.springframework.beans.factory.support.ConstructorResolver.instantiate(ConstructorResolver.java:657)
	at org.springframework.beans.factory.support.ConstructorResolver.instantiateUsingFactoryMethod(ConstructorResolver.java:645)
	at org.springframework.beans.factory.support.AbstractAutowireCapableBeanFactory.instantiateUsingFactoryMethod(AbstractAutowireCapableBeanFactory.java:1375)
	at org.springframework.beans.factory.support.AbstractAutowireCapableBeanFactory.createBeanInstance(AbstractAutowireCapableBeanFactory.java:1205)
	at org.springframework.beans.factory.support.AbstractAutowireCapableBeanFactory.doCreateBean(AbstractAutowireCapableBeanFactory.java:569)
	at org.springframework.beans.factory.support.AbstractAutowireCapableBeanFactory.createBean(AbstractAutowireCapableBeanFactory.java:529)
	at org.springframework.beans.factory.support.AbstractBeanFactory.lambda$doGetBean$0(AbstractBeanFactory.java:339)
	at org.springframework.beans.factory.support.DefaultSingletonBeanRegistry.getSingleton(DefaultSingletonBeanRegistry.java:373)
	at org.springframework.beans.factory.support.AbstractBeanFactory.doGetBean(AbstractBeanFactory.java:337)
	at org.springframework.beans.factory.support.AbstractBeanFactory.getBean(AbstractBeanFactory.java:202)
	at org.springframework.beans.factory.support.AbstractBeanFactory.doGetBean(AbstractBeanFactory.java:315)
	... 13 common frames omitted
Caused by: org.springframework.beans.BeanInstantiationException: Failed to instantiate [org.springframework.boot.autoconfigure.batch.BatchDataSourceScriptDatabaseInitializer]: Factory method 'batchDataSourceInitializer' threw exception with message: Failed to determine DatabaseDriver
	at org.springframework.beans.factory.support.SimpleInstantiationStrategy.lambda$instantiate$0(SimpleInstantiationStrategy.java:200)
	at org.springframework.beans.factory.support.SimpleInstantiationStrategy.instantiateWithFactoryMethod(SimpleInstantiationStrategy.java:89)
	at org.springframework.beans.factory.support.SimpleInstantiationStrategy.instantiate(SimpleInstantiationStrategy.java:169)
	at org.springframework.beans.factory.support.ConstructorResolver.instantiate(ConstructorResolver.java:653)
	... 23 common frames omitted
Caused by: java.lang.IllegalStateException: Failed to determine DatabaseDriver
	at org.springframework.boot.jdbc.init.PlatformPlaceholderDatabaseDriverResolver.getDatabaseDriver(PlatformPlaceholderDatabaseDriverResolver.java:144)
	at org.springframework.boot.jdbc.init.PlatformPlaceholderDatabaseDriverResolver.determinePlatform(PlatformPlaceholderDatabaseDriverResolver.java:132)
	at org.springframework.boot.jdbc.init.PlatformPlaceholderDatabaseDriverResolver.lambda$resolveAll$0(PlatformPlaceholderDatabaseDriverResolver.java:97)
	at org.springframework.boot.jdbc.init.PlatformPlaceholderDatabaseDriverResolver.resolveAll(PlatformPlaceholderDatabaseDriverResolver.java:122)
	at org.springframework.boot.jdbc.init.PlatformPlaceholderDatabaseDriverResolver.resolveAll(PlatformPlaceholderDatabaseDriverResolver.java:97)
	at org.springframework.boot.autoconfigure.batch.BatchDataSourceScriptDatabaseInitializer.resolveSchemaLocations(BatchDataSourceScriptDatabaseInitializer.java:83)
	at org.springframework.boot.autoconfigure.batch.BatchDataSourceScriptDatabaseInitializer.getSettings(BatchDataSourceScriptDatabaseInitializer.java:72)
	at org.springframework.boot.autoconfigure.batch.BatchDataSourceScriptDatabaseInitializer.<init>(BatchDataSourceScriptDatabaseInitializer.java:47)
	at org.springframework.boot.autoconfigure.batch.BatchAutoConfiguration$DataSourceInitializerConfiguration.batchDataSourceInitializer(BatchAutoConfiguration.java:197)
	at java.base/jdk.internal.reflect.DirectMethodHandleAccessor.invoke(DirectMethodHandleAccessor.java:103)
	at java.base/java.lang.reflect.Method.invoke(Method.java:580)
	at org.springframework.beans.factory.support.SimpleInstantiationStrategy.lambda$instantiate$0(SimpleInstantiationStrategy.java:172)
	... 26 common frames omitted
Caused by: org.springframework.jdbc.support.MetaDataAccessException: Could not get Connection for extracting meta-data
	at org.springframework.jdbc.support.JdbcUtils.extractDatabaseMetaData(JdbcUtils.java:357)
	at org.springframework.boot.jdbc.init.PlatformPlaceholderDatabaseDriverResolver.getDatabaseDriver(PlatformPlaceholderDatabaseDriverResolver.java:140)
	... 37 common frames omitted
Caused by: org.springframework.jdbc.CannotGetJdbcConnectionException: Failed to obtain JDBC Connection
	at org.springframework.jdbc.datasource.DataSourceUtils.getConnection(DataSourceUtils.java:84)
	at org.springframework.jdbc.support.JdbcUtils.extractDatabaseMetaData(JdbcUtils.java:331)
	... 38 common frames omitted
Caused by: org.postgresql.util.PSQLException: Connection to localhost:5432 refused. Check that the hostname and port are correct and that the postmaster is accepting TCP/IP connections.
	at org.postgresql.core.v3.ConnectionFactoryImpl.openConnectionImpl(ConnectionFactoryImpl.java:373)
	at org.postgresql.core.ConnectionFactory.openConnection(ConnectionFactory.java:57)
	at org.postgresql.jdbc.PgConnection.<init>(PgConnection.java:277)
	at org.postgresql.Driver.makeConnection(Driver.java:448)
	at org.postgresql.Driver.connect(Driver.java:298)
	at com.zaxxer.hikari.util.DriverDataSource.getConnection(DriverDataSource.java:144)
	at com.zaxxer.hikari.pool.PoolBase.newConnection(PoolBase.java:368)
	at com.zaxxer.hikari.pool.PoolBase.newPoolEntry(PoolBase.java:205)
	at com.zaxxer.hikari.pool.HikariPool.createPoolEntry(HikariPool.java:488)
	at com.zaxxer.hikari.pool.HikariPool.checkFailFast(HikariPool.java:576)
	at com.zaxxer.hikari.pool.HikariPool.<init>(HikariPool.java:97)
	at com.zaxxer.hikari.HikariDataSource.getConnection(HikariDataSource.java:111)
	at org.springframework.jdbc.datasource.DataSourceUtils.fetchConnection(DataSourceUtils.java:160)
	at org.springframework.jdbc.datasource.DataSourceUtils.doGetConnection(DataSourceUtils.java:118)
	at org.springframework.jdbc.datasource.DataSourceUtils.getConnection(DataSourceUtils.java:81)
	... 39 common frames omitted
Caused by: java.net.ConnectException: Connection refused: getsockopt
	at java.base/sun.nio.ch.Net.pollConnect(Native Method)
	at java.base/sun.nio.ch.Net.pollConnectNow(Net.java:682)
	at java.base/sun.nio.ch.NioSocketImpl.timedFinishConnect(NioSocketImpl.java:542)
	at java.base/sun.nio.ch.NioSocketImpl.connect(NioSocketImpl.java:592)
	at java.base/java.net.SocksSocketImpl.connect(SocksSocketImpl.java:327)
	at java.base/java.net.Socket.connect(Socket.java:751)
	at org.postgresql.core.PGStream.createSocket(PGStream.java:261)
	at org.postgresql.core.PGStream.<init>(PGStream.java:122)
	at org.postgresql.core.v3.ConnectionFactoryImpl.tryConnect(ConnectionFactoryImpl.java:146)
	at org.postgresql.core.v3.ConnectionFactoryImpl.openConnectionImpl(ConnectionFactoryImpl.java:289)
	... 53 common frames omitted
2025-07-29 14:56:53.818 [restartedMain] [INFO] [logger{36}] - Starting CustomApplication using Java 21.0.8 with PID 28044 (C:\Users\moveint\IdeaProjects\custom\build\classes\java\main started by moveint in C:\Users\moveint\IdeaProjects\custom)
2025-07-29 14:56:53.822 [restartedMain] [DEBUG] [logger{36}] - Running with Spring Boot v3.5.4, Spring v6.2.9
2025-07-29 14:56:53.823 [restartedMain] [INFO] [logger{36}] - No active profile set, falling back to 1 default profile: "default"
2025-07-29 14:56:53.912 [restartedMain] [INFO] [logger{36}] - Devtools property defaults active! Set 'spring.devtools.add-properties' to 'false' to disable
2025-07-29 14:56:53.912 [restartedMain] [INFO] [logger{36}] - For additional web related logging consider setting the 'logging.level.web' property to 'DEBUG'
2025-07-29 14:56:56.220 [restartedMain] [INFO] [logger{36}] - Multiple Spring Data modules found, entering strict repository configuration mode
2025-07-29 14:56:56.223 [restartedMain] [INFO] [logger{36}] - Bootstrapping Spring Data JDBC repositories in DEFAULT mode.
2025-07-29 14:56:56.251 [restartedMain] [INFO] [logger{36}] - Finished Spring Data repository scanning in 18 ms. Found 0 JDBC repository interfaces.
2025-07-29 14:56:56.265 [restartedMain] [INFO] [logger{36}] - Multiple Spring Data modules found, entering strict repository configuration mode
2025-07-29 14:56:56.267 [restartedMain] [INFO] [logger{36}] - Bootstrapping Spring Data JPA repositories in DEFAULT mode.
2025-07-29 14:56:56.277 [restartedMain] [INFO] [logger{36}] - Finished Spring Data repository scanning in 4 ms. Found 0 JPA repository interfaces.
2025-07-29 14:56:56.292 [restartedMain] [INFO] [logger{36}] - Multiple Spring Data modules found, entering strict repository configuration mode
2025-07-29 14:56:56.294 [restartedMain] [INFO] [logger{36}] - Bootstrapping Spring Data Redis repositories in DEFAULT mode.
2025-07-29 14:56:56.312 [restartedMain] [INFO] [logger{36}] - Finished Spring Data repository scanning in 5 ms. Found 0 Redis repository interfaces.
2025-07-29 14:56:57.524 [restartedMain] [INFO] [logger{36}] - Tomcat initialized with port 8080 (http)
2025-07-29 14:56:57.553 [restartedMain] [INFO] [logger{36}] - Starting service [Tomcat]
2025-07-29 14:56:57.554 [restartedMain] [INFO] [logger{36}] - Starting Servlet engine: [Apache Tomcat/10.1.43]
2025-07-29 14:56:57.809 [restartedMain] [INFO] [logger{36}] - Initializing Spring embedded WebApplicationContext
2025-07-29 14:56:57.809 [restartedMain] [INFO] [logger{36}] - Root WebApplicationContext: initialization completed in 3896 ms
2025-07-29 14:56:58.203 [restartedMain] [INFO] [logger{36}] - HikariPool-1 - Starting...
2025-07-29 14:56:58.552 [restartedMain] [INFO] [logger{36}] - HikariPool-1 - Added connection org.postgresql.jdbc.PgConnection@16324c24
2025-07-29 14:56:58.555 [restartedMain] [INFO] [logger{36}] - HikariPool-1 - Start completed.
2025-07-29 14:56:58.727 [restartedMain] [INFO] [logger{36}] - HHH000204: Processing PersistenceUnitInfo [name: default]
2025-07-29 14:56:59.012 [restartedMain] [INFO] [logger{36}] - HHH000412: Hibernate ORM core version 6.6.22.Final
2025-07-29 14:56:59.111 [restartedMain] [INFO] [logger{36}] - HHH000026: Second-level cache disabled
2025-07-29 14:57:00.017 [restartedMain] [INFO] [logger{36}] - No LoadTimeWeaver setup: ignoring JPA class transformer
2025-07-29 14:57:00.160 [restartedMain] [WARN] [logger{36}] - HHH90000025: PostgreSQLDialect does not need to be specified explicitly using 'hibernate.dialect' (remove the property setting and it will be selected by default)
2025-07-29 14:57:00.195 [restartedMain] [INFO] [logger{36}] - HHH10001005: Database info:
	Database JDBC URL [Connecting through datasource 'HikariDataSource (HikariPool-1)']
	Database driver: undefined/unknown
	Database version: 15.13
	Autocommit mode: undefined/unknown
	Isolation level: undefined/unknown
	Minimum pool size: undefined/unknown
	Maximum pool size: undefined/unknown
2025-07-29 14:57:00.205 [restartedMain] [DEBUG] [logger{36}] - addDescriptor(2003, org.hibernate.type.descriptor.sql.internal.ArrayDdlTypeImpl@4a4d3d8d) replaced previous registration(org.hibernate.type.descriptor.sql.internal.ArrayDdlTypeImpl@14051a49)
2025-07-29 14:57:00.206 [restartedMain] [DEBUG] [logger{36}] - addDescriptor(6, org.hibernate.type.descriptor.sql.internal.CapacityDependentDdlType@4b2180cd) replaced previous registration(org.hibernate.type.descriptor.sql.internal.DdlTypeImpl@45bee7a3)
2025-07-29 14:57:00.816 [restartedMain] [INFO] [logger{36}] - HHH000489: No JTA platform available (set 'hibernate.transaction.jta.platform' to enable JTA platform integration)
2025-07-29 14:57:00.825 [restartedMain] [INFO] [logger{36}] - Initialized JPA EntityManagerFactory for persistence unit 'default'
2025-07-29 14:57:01.003 [restartedMain] [WARN] [logger{36}] - spring.jpa.open-in-view is enabled by default. Therefore, database queries may be performed during view rendering. Explicitly configure spring.jpa.open-in-view to disable this warning
2025-07-29 14:57:01.090 [restartedMain] [INFO] [logger{36}] - Failed to set up a Bean Validation provider: jakarta.validation.NoProviderFoundException: Unable to create a Configuration, because no Jakarta Bean Validation provider could be found. Add a provider like Hibernate Validator (RI) to your classpath.
2025-07-29 14:57:02.776 [restartedMain] [INFO] [logger{36}] - Supporting [WS-Addressing August 2004, WS-Addressing 1.0]
2025-07-29 14:57:03.332 [restartedMain] [WARN] [logger{36}] - Unable to start LiveReload server
2025-07-29 14:57:03.340 [restartedMain] [INFO] [logger{36}] - Exposing 1 endpoint beneath base path '/actuator'
2025-07-29 14:57:03.463 [restartedMain] [INFO] [logger{36}] - Tomcat started on port 8080 (http) with context path '/'
2025-07-29 14:57:03.483 [restartedMain] [INFO] [logger{36}] - Started CustomApplication in 11.204 seconds (process running for 12.989)
2025-07-29 14:57:03.492 [restartedMain] [INFO] [logger{36}] - Running default command line with: []
2025-07-29 14:57:04.135 [RMI TCP Connection(3)-172.30.176.1] [INFO] [logger{36}] - Initializing Spring DispatcherServlet 'dispatcherServlet'
2025-07-29 14:57:04.135 [RMI TCP Connection(3)-172.30.176.1] [INFO] [logger{36}] - Initializing Servlet 'dispatcherServlet'
2025-07-29 14:57:04.139 [RMI TCP Connection(3)-172.30.176.1] [INFO] [logger{36}] - Completed initialization in 4 ms
2025-07-29 15:18:13.911 [SpringApplicationShutdownHook] [INFO] [logger{36}] - Commencing graceful shutdown. Waiting for active requests to complete
2025-07-29 15:18:13.921 [tomcat-shutdown] [INFO] [logger{36}] - Graceful shutdown complete
2025-07-29 15:18:13.950 [SpringApplicationShutdownHook] [INFO] [logger{36}] - Closing JPA EntityManagerFactory for persistence unit 'default'
2025-07-29 15:18:13.956 [SpringApplicationShutdownHook] [INFO] [logger{36}] - HikariPool-1 - Shutdown initiated...
2025-07-29 15:18:13.963 [SpringApplicationShutdownHook] [INFO] [logger{36}] - HikariPool-1 - Shutdown completed.
2025-07-29 15:18:23.535 [restartedMain] [INFO] [logger{36}] - Starting CustomApplication using Java 21.0.8 with PID 13160 (C:\Users\moveint\IdeaProjects\custom\build\classes\java\main started by moveint in C:\Users\moveint\IdeaProjects\custom)
2025-07-29 15:18:23.539 [restartedMain] [DEBUG] [logger{36}] - Running with Spring Boot v3.5.4, Spring v6.2.9
2025-07-29 15:18:23.541 [restartedMain] [INFO] [logger{36}] - No active profile set, falling back to 1 default profile: "default"
2025-07-29 15:18:23.620 [restartedMain] [INFO] [logger{36}] - Devtools property defaults active! Set 'spring.devtools.add-properties' to 'false' to disable
2025-07-29 15:18:23.621 [restartedMain] [INFO] [logger{36}] - For additional web related logging consider setting the 'logging.level.web' property to 'DEBUG'
2025-07-29 15:18:25.716 [restartedMain] [INFO] [logger{36}] - Multiple Spring Data modules found, entering strict repository configuration mode
2025-07-29 15:18:25.718 [restartedMain] [INFO] [logger{36}] - Bootstrapping Spring Data JDBC repositories in DEFAULT mode.
2025-07-29 15:18:25.744 [restartedMain] [INFO] [logger{36}] - Finished Spring Data repository scanning in 16 ms. Found 0 JDBC repository interfaces.
2025-07-29 15:18:25.757 [restartedMain] [INFO] [logger{36}] - Multiple Spring Data modules found, entering strict repository configuration mode
2025-07-29 15:18:25.758 [restartedMain] [INFO] [logger{36}] - Bootstrapping Spring Data JPA repositories in DEFAULT mode.
2025-07-29 15:18:25.766 [restartedMain] [INFO] [logger{36}] - Finished Spring Data repository scanning in 4 ms. Found 0 JPA repository interfaces.
2025-07-29 15:18:25.780 [restartedMain] [INFO] [logger{36}] - Multiple Spring Data modules found, entering strict repository configuration mode
2025-07-29 15:18:25.782 [restartedMain] [INFO] [logger{36}] - Bootstrapping Spring Data Redis repositories in DEFAULT mode.
2025-07-29 15:18:25.796 [restartedMain] [INFO] [logger{36}] - Finished Spring Data repository scanning in 3 ms. Found 0 Redis repository interfaces.
2025-07-29 15:18:26.632 [restartedMain] [INFO] [logger{36}] - Tomcat initialized with port 8080 (http)
2025-07-29 15:18:26.651 [restartedMain] [INFO] [logger{36}] - Starting service [Tomcat]
2025-07-29 15:18:26.652 [restartedMain] [INFO] [logger{36}] - Starting Servlet engine: [Apache Tomcat/10.1.43]
2025-07-29 15:18:26.807 [restartedMain] [INFO] [logger{36}] - Initializing Spring embedded WebApplicationContext
2025-07-29 15:18:26.808 [restartedMain] [INFO] [logger{36}] - Root WebApplicationContext: initialization completed in 3186 ms
2025-07-29 15:18:27.057 [restartedMain] [INFO] [logger{36}] - HikariPool-1 - Starting...
2025-07-29 15:18:27.250 [restartedMain] [INFO] [logger{36}] - HikariPool-1 - Added connection org.postgresql.jdbc.PgConnection@7581734a
2025-07-29 15:18:27.252 [restartedMain] [INFO] [logger{36}] - HikariPool-1 - Start completed.
2025-07-29 15:18:27.358 [restartedMain] [INFO] [logger{36}] - HHH000204: Processing PersistenceUnitInfo [name: default]
2025-07-29 15:18:27.471 [restartedMain] [INFO] [logger{36}] - HHH000412: Hibernate ORM core version 6.6.22.Final
2025-07-29 15:18:27.531 [restartedMain] [INFO] [logger{36}] - HHH000026: Second-level cache disabled
2025-07-29 15:18:28.034 [restartedMain] [INFO] [logger{36}] - No LoadTimeWeaver setup: ignoring JPA class transformer
2025-07-29 15:18:28.134 [restartedMain] [WARN] [logger{36}] - HHH90000025: PostgreSQLDialect does not need to be specified explicitly using 'hibernate.dialect' (remove the property setting and it will be selected by default)
2025-07-29 15:18:28.161 [restartedMain] [INFO] [logger{36}] - HHH10001005: Database info:
	Database JDBC URL [Connecting through datasource 'HikariDataSource (HikariPool-1)']
	Database driver: undefined/unknown
	Database version: 15.13
	Autocommit mode: undefined/unknown
	Isolation level: undefined/unknown
	Minimum pool size: undefined/unknown
	Maximum pool size: undefined/unknown
2025-07-29 15:18:28.170 [restartedMain] [DEBUG] [logger{36}] - addDescriptor(2003, org.hibernate.type.descriptor.sql.internal.ArrayDdlTypeImpl@1e9e15fd) replaced previous registration(org.hibernate.type.descriptor.sql.internal.ArrayDdlTypeImpl@27fd9312)
2025-07-29 15:18:28.170 [restartedMain] [DEBUG] [logger{36}] - addDescriptor(6, org.hibernate.type.descriptor.sql.internal.CapacityDependentDdlType@9060692) replaced previous registration(org.hibernate.type.descriptor.sql.internal.DdlTypeImpl@f9d00fb)
2025-07-29 15:18:28.629 [restartedMain] [INFO] [logger{36}] - HHH000489: No JTA platform available (set 'hibernate.transaction.jta.platform' to enable JTA platform integration)
2025-07-29 15:18:28.636 [restartedMain] [INFO] [logger{36}] - Initialized JPA EntityManagerFactory for persistence unit 'default'
2025-07-29 15:18:28.781 [restartedMain] [WARN] [logger{36}] - spring.jpa.open-in-view is enabled by default. Therefore, database queries may be performed during view rendering. Explicitly configure spring.jpa.open-in-view to disable this warning
2025-07-29 15:18:28.842 [restartedMain] [INFO] [logger{36}] - Failed to set up a Bean Validation provider: jakarta.validation.NoProviderFoundException: Unable to create a Configuration, because no Jakarta Bean Validation provider could be found. Add a provider like Hibernate Validator (RI) to your classpath.
2025-07-29 15:18:30.198 [restartedMain] [INFO] [logger{36}] - Supporting [WS-Addressing August 2004, WS-Addressing 1.0]
2025-07-29 15:18:30.679 [restartedMain] [WARN] [logger{36}] - Unable to start LiveReload server
2025-07-29 15:18:30.686 [restartedMain] [INFO] [logger{36}] - Exposing 1 endpoint beneath base path '/actuator'
2025-07-29 15:18:30.790 [restartedMain] [INFO] [logger{36}] - Tomcat started on port 8080 (http) with context path '/'
2025-07-29 15:18:30.808 [restartedMain] [INFO] [logger{36}] - Started CustomApplication in 8.343 seconds (process running for 11.026)
2025-07-29 15:18:30.815 [restartedMain] [INFO] [logger{36}] - Running default command line with: []
2025-07-29 15:18:31.288 [RMI TCP Connection(4)-172.30.176.1] [INFO] [logger{36}] - Initializing Spring DispatcherServlet 'dispatcherServlet'
2025-07-29 15:18:31.288 [RMI TCP Connection(4)-172.30.176.1] [INFO] [logger{36}] - Initializing Servlet 'dispatcherServlet'
2025-07-29 15:18:31.292 [RMI TCP Connection(4)-172.30.176.1] [INFO] [logger{36}] - Completed initialization in 3 ms
2025-07-29 15:36:43.888 [main] [INFO] [logger{36}] - Starting CustomApplicationTests using Java 21.0.8 with PID 12768 (C:\Users\moveint\IdeaProjects\custom\build\classes\java\test started by moveint in C:\Users\moveint\IdeaProjects\custom)
2025-07-29 15:36:43.892 [main] [DEBUG] [logger{36}] - Running with Spring Boot v3.5.4, Spring v6.2.9
2025-07-29 15:36:43.893 [main] [INFO] [logger{36}] - No active profile set, falling back to 1 default profile: "default"
2025-07-29 15:36:45.107 [main] [INFO] [logger{36}] - No Bean Validation provider available - skipping validation constraint hint inference
2025-07-29 15:36:56.447 [Test worker] [INFO] [logger{36}] - Starting CustomApplicationTests using Java 21.0.8 with PID 24600 (started by moveint in C:\Users\moveint\IdeaProjects\custom)
2025-07-29 15:36:56.452 [Test worker] [DEBUG] [logger{36}] - Running with Spring Boot v3.5.4, Spring v6.2.9
2025-07-29 15:36:56.454 [Test worker] [INFO] [logger{36}] - No active profile set, falling back to 1 default profile: "default"
2025-07-29 15:36:57.426 [Test worker] [INFO] [logger{36}] - Failed to set up a Bean Validation provider: jakarta.validation.NoProviderFoundException: Unable to create a Configuration, because no Jakarta Bean Validation provider could be found. Add a provider like Hibernate Validator (RI) to your classpath.
2025-07-29 15:36:58.080 [Test worker] [INFO] [logger{36}] - Initializing Spring TestDispatcherServlet ''
2025-07-29 15:36:58.080 [Test worker] [INFO] [logger{36}] - Initializing Servlet ''
2025-07-29 15:36:58.083 [Test worker] [INFO] [logger{36}] - Completed initialization in 3 ms
2025-07-29 15:36:58.131 [Test worker] [INFO] [logger{36}] - Started CustomApplicationTests in 3.352 seconds (process running for 5.35)
2025-07-29 16:27:36.135 [File Watcher] [INFO] [logger{36}] - Restarting due to 2 class path changes (0 additions, 0 deletions, 2 modifications)
2025-07-29 16:27:36.147 [Thread-1] [INFO] [logger{36}] - Commencing graceful shutdown. Waiting for active requests to complete
2025-07-29 16:27:36.155 [tomcat-shutdown] [INFO] [logger{36}] - Graceful shutdown complete
2025-07-29 16:27:36.198 [Thread-1] [INFO] [logger{36}] - Closing JPA EntityManagerFactory for persistence unit 'default'
2025-07-29 16:27:36.207 [Thread-1] [INFO] [logger{36}] - HikariPool-1 - Shutdown initiated...
2025-07-29 16:27:36.214 [Thread-1] [INFO] [logger{36}] - HikariPool-1 - Shutdown completed.
2025-07-29 16:32:03.201 [restartedMain] [INFO] [logger{36}] - Starting CustomApplication using Java 21.0.8 with PID 25432 (C:\Users\moveint\IdeaProjects\custom\build\classes\java\main started by moveint in C:\Users\moveint\IdeaProjects\custom)
2025-07-29 16:32:03.203 [restartedMain] [DEBUG] [logger{36}] - Running with Spring Boot v3.5.4, Spring v6.2.9
2025-07-29 16:32:03.204 [restartedMain] [INFO] [logger{36}] - No active profile set, falling back to 1 default profile: "default"
2025-07-29 16:32:03.273 [restartedMain] [INFO] [logger{36}] - Devtools property defaults active! Set 'spring.devtools.add-properties' to 'false' to disable
2025-07-29 16:32:03.274 [restartedMain] [INFO] [logger{36}] - For additional web related logging consider setting the 'logging.level.web' property to 'DEBUG'
2025-07-29 16:32:05.601 [restartedMain] [INFO] [logger{36}] - Multiple Spring Data modules found, entering strict repository configuration mode
2025-07-29 16:32:05.603 [restartedMain] [INFO] [logger{36}] - Bootstrapping Spring Data JDBC repositories in DEFAULT mode.
2025-07-29 16:32:05.630 [restartedMain] [INFO] [logger{36}] - Finished Spring Data repository scanning in 19 ms. Found 0 JDBC repository interfaces.
2025-07-29 16:32:05.649 [restartedMain] [INFO] [logger{36}] - Multiple Spring Data modules found, entering strict repository configuration mode
2025-07-29 16:32:05.651 [restartedMain] [INFO] [logger{36}] - Bootstrapping Spring Data JPA repositories in DEFAULT mode.
2025-07-29 16:32:05.663 [restartedMain] [INFO] [logger{36}] - Finished Spring Data repository scanning in 5 ms. Found 0 JPA repository interfaces.
2025-07-29 16:32:05.680 [restartedMain] [INFO] [logger{36}] - Multiple Spring Data modules found, entering strict repository configuration mode
2025-07-29 16:32:05.682 [restartedMain] [INFO] [logger{36}] - Bootstrapping Spring Data Redis repositories in DEFAULT mode.
2025-07-29 16:32:05.699 [restartedMain] [INFO] [logger{36}] - Finished Spring Data repository scanning in 4 ms. Found 0 Redis repository interfaces.
2025-07-29 16:32:06.547 [restartedMain] [INFO] [logger{36}] - Tomcat initialized with port 8080 (http)
2025-07-29 16:32:06.566 [restartedMain] [INFO] [logger{36}] - Starting service [Tomcat]
2025-07-29 16:32:06.566 [restartedMain] [INFO] [logger{36}] - Starting Servlet engine: [Apache Tomcat/10.1.43]
2025-07-29 16:32:06.738 [restartedMain] [INFO] [logger{36}] - Initializing Spring embedded WebApplicationContext
2025-07-29 16:32:06.739 [restartedMain] [INFO] [logger{36}] - Root WebApplicationContext: initialization completed in 3464 ms
2025-07-29 16:32:07.017 [restartedMain] [INFO] [logger{36}] - HikariPool-1 - Starting...
2025-07-29 16:32:07.176 [restartedMain] [INFO] [logger{36}] - HikariPool-1 - Added connection org.postgresql.jdbc.PgConnection@659d9fa6
2025-07-29 16:32:07.178 [restartedMain] [INFO] [logger{36}] - HikariPool-1 - Start completed.
2025-07-29 16:32:07.286 [restartedMain] [INFO] [logger{36}] - HHH000204: Processing PersistenceUnitInfo [name: default]
2025-07-29 16:32:07.369 [restartedMain] [INFO] [logger{36}] - HHH000412: Hibernate ORM core version 6.6.22.Final
2025-07-29 16:32:07.423 [restartedMain] [INFO] [logger{36}] - HHH000026: Second-level cache disabled
2025-07-29 16:32:07.860 [restartedMain] [INFO] [logger{36}] - No LoadTimeWeaver setup: ignoring JPA class transformer
2025-07-29 16:32:07.938 [restartedMain] [WARN] [logger{36}] - HHH90000025: PostgreSQLDialect does not need to be specified explicitly using 'hibernate.dialect' (remove the property setting and it will be selected by default)
2025-07-29 16:32:07.964 [restartedMain] [INFO] [logger{36}] - HHH10001005: Database info:
	Database JDBC URL [Connecting through datasource 'HikariDataSource (HikariPool-1)']
	Database driver: undefined/unknown
	Database version: 15.13
	Autocommit mode: undefined/unknown
	Isolation level: undefined/unknown
	Minimum pool size: undefined/unknown
	Maximum pool size: undefined/unknown
2025-07-29 16:32:07.973 [restartedMain] [DEBUG] [logger{36}] - addDescriptor(2003, org.hibernate.type.descriptor.sql.internal.ArrayDdlTypeImpl@5fd5c759) replaced previous registration(org.hibernate.type.descriptor.sql.internal.ArrayDdlTypeImpl@5f30c182)
2025-07-29 16:32:07.973 [restartedMain] [DEBUG] [logger{36}] - addDescriptor(6, org.hibernate.type.descriptor.sql.internal.CapacityDependentDdlType@1e24f18a) replaced previous registration(org.hibernate.type.descriptor.sql.internal.DdlTypeImpl@46484997)
2025-07-29 16:32:08.459 [restartedMain] [INFO] [logger{36}] - HHH000489: No JTA platform available (set 'hibernate.transaction.jta.platform' to enable JTA platform integration)
2025-07-29 16:32:08.466 [restartedMain] [INFO] [logger{36}] - Initialized JPA EntityManagerFactory for persistence unit 'default'
2025-07-29 16:32:08.654 [restartedMain] [WARN] [logger{36}] - spring.jpa.open-in-view is enabled by default. Therefore, database queries may be performed during view rendering. Explicitly configure spring.jpa.open-in-view to disable this warning
2025-07-29 16:32:08.762 [restartedMain] [INFO] [logger{36}] - Failed to set up a Bean Validation provider: jakarta.validation.NoProviderFoundException: Unable to create a Configuration, because no Jakarta Bean Validation provider could be found. Add a provider like Hibernate Validator (RI) to your classpath.
2025-07-29 16:32:10.289 [restartedMain] [INFO] [logger{36}] - Supporting [WS-Addressing August 2004, WS-Addressing 1.0]
2025-07-29 16:32:10.702 [restartedMain] [WARN] [logger{36}] - Unable to start LiveReload server
2025-07-29 16:32:10.710 [restartedMain] [INFO] [logger{36}] - Exposing 1 endpoint beneath base path '/actuator'
2025-07-29 16:32:10.799 [restartedMain] [INFO] [logger{36}] - Tomcat started on port 8080 (http) with context path '/'
2025-07-29 16:32:10.815 [restartedMain] [INFO] [logger{36}] - Started CustomApplication in 8.384 seconds (process running for 9.763)
2025-07-29 16:32:10.823 [restartedMain] [INFO] [logger{36}] - Running default command line with: []
2025-07-29 16:32:11.006 [RMI TCP Connection(4)-172.30.176.1] [INFO] [logger{36}] - Initializing Spring DispatcherServlet 'dispatcherServlet'
2025-07-29 16:32:11.007 [RMI TCP Connection(4)-172.30.176.1] [INFO] [logger{36}] - Initializing Servlet 'dispatcherServlet'
2025-07-29 16:32:11.010 [RMI TCP Connection(4)-172.30.176.1] [INFO] [logger{36}] - Completed initialization in 3 ms
2025-07-29 17:23:23.748 [SpringApplicationShutdownHook] [INFO] [logger{36}] - Commencing graceful shutdown. Waiting for active requests to complete
2025-07-29 17:23:23.756 [tomcat-shutdown] [INFO] [logger{36}] - Graceful shutdown complete
2025-07-29 17:23:23.792 [SpringApplicationShutdownHook] [INFO] [logger{36}] - Closing JPA EntityManagerFactory for persistence unit 'default'
2025-07-29 17:23:23.798 [SpringApplicationShutdownHook] [INFO] [logger{36}] - HikariPool-1 - Shutdown initiated...
2025-07-29 17:23:23.805 [SpringApplicationShutdownHook] [INFO] [logger{36}] - HikariPool-1 - Shutdown completed.
2025-07-29 17:23:31.540 [restartedMain] [INFO] [logger{36}] - Starting CustomApplication using Java 21.0.8 with PID 21636 (C:\Users\moveint\IdeaProjects\custom\build\classes\java\main started by moveint in C:\Users\moveint\IdeaProjects\custom)
2025-07-29 17:23:31.543 [restartedMain] [DEBUG] [logger{36}] - Running with Spring Boot v3.5.4, Spring v6.2.9
2025-07-29 17:23:31.544 [restartedMain] [INFO] [logger{36}] - No active profile set, falling back to 1 default profile: "default"
2025-07-29 17:23:31.601 [restartedMain] [INFO] [logger{36}] - Devtools property defaults active! Set 'spring.devtools.add-properties' to 'false' to disable
2025-07-29 17:23:31.601 [restartedMain] [INFO] [logger{36}] - For additional web related logging consider setting the 'logging.level.web' property to 'DEBUG'
2025-07-29 17:23:33.595 [restartedMain] [INFO] [logger{36}] - Multiple Spring Data modules found, entering strict repository configuration mode
2025-07-29 17:23:33.597 [restartedMain] [INFO] [logger{36}] - Bootstrapping Spring Data JDBC repositories in DEFAULT mode.
2025-07-29 17:23:33.618 [restartedMain] [INFO] [logger{36}] - Finished Spring Data repository scanning in 14 ms. Found 0 JDBC repository interfaces.
2025-07-29 17:23:33.629 [restartedMain] [INFO] [logger{36}] - Multiple Spring Data modules found, entering strict repository configuration mode
2025-07-29 17:23:33.630 [restartedMain] [INFO] [logger{36}] - Bootstrapping Spring Data JPA repositories in DEFAULT mode.
2025-07-29 17:23:33.639 [restartedMain] [INFO] [logger{36}] - Finished Spring Data repository scanning in 3 ms. Found 0 JPA repository interfaces.
2025-07-29 17:23:33.651 [restartedMain] [INFO] [logger{36}] - Multiple Spring Data modules found, entering strict repository configuration mode
2025-07-29 17:23:33.653 [restartedMain] [INFO] [logger{36}] - Bootstrapping Spring Data Redis repositories in DEFAULT mode.
2025-07-29 17:23:33.665 [restartedMain] [INFO] [logger{36}] - Finished Spring Data repository scanning in 3 ms. Found 0 Redis repository interfaces.
2025-07-29 17:23:34.504 [restartedMain] [INFO] [logger{36}] - Tomcat initialized with port 8080 (http)
2025-07-29 17:23:34.523 [restartedMain] [INFO] [logger{36}] - Starting service [Tomcat]
2025-07-29 17:23:34.524 [restartedMain] [INFO] [logger{36}] - Starting Servlet engine: [Apache Tomcat/10.1.43]
2025-07-29 17:23:34.697 [restartedMain] [INFO] [logger{36}] - Initializing Spring embedded WebApplicationContext
2025-07-29 17:23:34.698 [restartedMain] [INFO] [logger{36}] - Root WebApplicationContext: initialization completed in 3095 ms
2025-07-29 17:23:34.940 [restartedMain] [WARN] [logger{36}] - Exception encountered during context initialization - cancelling refresh attempt: org.springframework.beans.factory.BeanCreationException: Error creating bean with name 'entityManagerFactory' defined in class path resource [org/springframework/boot/autoconfigure/orm/jpa/HibernateJpaConfiguration.class]: Failed to initialize dependency 'dataSourceScriptDatabaseInitializer' of LoadTimeWeaverAware bean 'entityManagerFactory': Error creating bean with name 'dataSourceScriptDatabaseInitializer' defined in class path resource [org/springframework/boot/autoconfigure/sql/init/DataSourceInitializationConfiguration.class]: Unsatisfied dependency expressed through method 'dataSourceScriptDatabaseInitializer' parameter 0: Error creating bean with name 'dataSource' defined in class path resource [org/springframework/boot/autoconfigure/jdbc/DataSourceConfiguration$Hikari.class]: Failed to instantiate [com.zaxxer.hikari.HikariDataSource]: Factory method 'dataSource' threw exception with message: Failed to determine a suitable driver class
2025-07-29 17:23:34.944 [restartedMain] [INFO] [logger{36}] - Stopping service [Tomcat]
2025-07-29 17:23:34.969 [restartedMain] [INFO] [logger{36}] - 

Error starting ApplicationContext. To display the condition evaluation report re-run your application with 'debug' enabled.
2025-07-29 17:23:35.005 [restartedMain] [ERROR] [logger{36}] - 

***************************
APPLICATION FAILED TO START
***************************

Description:

Failed to configure a DataSource: 'url' attribute is not specified and no embedded datasource could be configured.

Reason: Failed to determine a suitable driver class


Action:

Consider the following:
	If you want an embedded database (H2, HSQL or Derby), please put it on the classpath.
	If you have database settings to be loaded from a particular profile you may need to activate it (no profiles are currently active).

2025-07-29 17:24:07.428 [restartedMain] [INFO] [logger{36}] - Starting CustomApplication using Java 21.0.8 with PID 3908 (C:\Users\moveint\IdeaProjects\custom\build\classes\java\main started by moveint in C:\Users\moveint\IdeaProjects\custom)
2025-07-29 17:24:07.431 [restartedMain] [DEBUG] [logger{36}] - Running with Spring Boot v3.5.4, Spring v6.2.9
2025-07-29 17:24:07.432 [restartedMain] [INFO] [logger{36}] - No active profile set, falling back to 1 default profile: "default"
2025-07-29 17:24:07.553 [restartedMain] [INFO] [logger{36}] - Devtools property defaults active! Set 'spring.devtools.add-properties' to 'false' to disable
2025-07-29 17:24:07.553 [restartedMain] [INFO] [logger{36}] - For additional web related logging consider setting the 'logging.level.web' property to 'DEBUG'
2025-07-29 17:24:10.542 [restartedMain] [INFO] [logger{36}] - Multiple Spring Data modules found, entering strict repository configuration mode
2025-07-29 17:24:10.544 [restartedMain] [INFO] [logger{36}] - Bootstrapping Spring Data JDBC repositories in DEFAULT mode.
2025-07-29 17:24:10.570 [restartedMain] [INFO] [logger{36}] - Finished Spring Data repository scanning in 17 ms. Found 0 JDBC repository interfaces.
2025-07-29 17:24:10.584 [restartedMain] [INFO] [logger{36}] - Multiple Spring Data modules found, entering strict repository configuration mode
2025-07-29 17:24:10.585 [restartedMain] [INFO] [logger{36}] - Bootstrapping Spring Data JPA repositories in DEFAULT mode.
2025-07-29 17:24:10.596 [restartedMain] [INFO] [logger{36}] - Finished Spring Data repository scanning in 5 ms. Found 0 JPA repository interfaces.
2025-07-29 17:24:10.617 [restartedMain] [INFO] [logger{36}] - Multiple Spring Data modules found, entering strict repository configuration mode
2025-07-29 17:24:10.619 [restartedMain] [INFO] [logger{36}] - Bootstrapping Spring Data Redis repositories in DEFAULT mode.
2025-07-29 17:24:10.636 [restartedMain] [INFO] [logger{36}] - Finished Spring Data repository scanning in 4 ms. Found 0 Redis repository interfaces.
2025-07-29 17:24:11.766 [restartedMain] [INFO] [logger{36}] - Tomcat initialized with port 8080 (http)
2025-07-29 17:24:11.789 [restartedMain] [INFO] [logger{36}] - Starting service [Tomcat]
2025-07-29 17:24:11.789 [restartedMain] [INFO] [logger{36}] - Starting Servlet engine: [Apache Tomcat/10.1.43]
2025-07-29 17:24:11.961 [restartedMain] [INFO] [logger{36}] - Initializing Spring embedded WebApplicationContext
2025-07-29 17:24:11.962 [restartedMain] [INFO] [logger{36}] - Root WebApplicationContext: initialization completed in 4408 ms
2025-07-29 17:24:12.245 [restartedMain] [WARN] [logger{36}] - Exception encountered during context initialization - cancelling refresh attempt: org.springframework.beans.factory.BeanCreationException: Error creating bean with name 'entityManagerFactory' defined in class path resource [org/springframework/boot/autoconfigure/orm/jpa/HibernateJpaConfiguration.class]: Failed to initialize dependency 'dataSourceScriptDatabaseInitializer' of LoadTimeWeaverAware bean 'entityManagerFactory': Error creating bean with name 'dataSourceScriptDatabaseInitializer' defined in class path resource [org/springframework/boot/autoconfigure/sql/init/DataSourceInitializationConfiguration.class]: Unsatisfied dependency expressed through method 'dataSourceScriptDatabaseInitializer' parameter 0: Error creating bean with name 'dataSource' defined in class path resource [org/springframework/boot/autoconfigure/jdbc/DataSourceConfiguration$Hikari.class]: Failed to instantiate [com.zaxxer.hikari.HikariDataSource]: Factory method 'dataSource' threw exception with message: Failed to determine a suitable driver class
2025-07-29 17:24:12.248 [restartedMain] [INFO] [logger{36}] - Stopping service [Tomcat]
2025-07-29 17:24:12.273 [restartedMain] [INFO] [logger{36}] - 

Error starting ApplicationContext. To display the condition evaluation report re-run your application with 'debug' enabled.
2025-07-29 17:24:12.309 [restartedMain] [ERROR] [logger{36}] - 

***************************
APPLICATION FAILED TO START
***************************

Description:

Failed to configure a DataSource: 'url' attribute is not specified and no embedded datasource could be configured.

Reason: Failed to determine a suitable driver class


Action:

Consider the following:
	If you want an embedded database (H2, HSQL or Derby), please put it on the classpath.
	If you have database settings to be loaded from a particular profile you may need to activate it (no profiles are currently active).

2025-07-29 17:26:44.680 [restartedMain] [INFO] [logger{36}] - Starting CustomApplication using Java 21.0.8 with PID 26488 (C:\Users\moveint\IdeaProjects\custom\build\classes\java\main started by moveint in C:\Users\moveint\IdeaProjects\custom)
2025-07-29 17:26:44.682 [restartedMain] [DEBUG] [logger{36}] - Running with Spring Boot v3.5.4, Spring v6.2.9
2025-07-29 17:26:44.683 [restartedMain] [INFO] [logger{36}] - No active profile set, falling back to 1 default profile: "default"
2025-07-29 17:26:44.744 [restartedMain] [INFO] [logger{36}] - Devtools property defaults active! Set 'spring.devtools.add-properties' to 'false' to disable
2025-07-29 17:26:44.744 [restartedMain] [INFO] [logger{36}] - For additional web related logging consider setting the 'logging.level.web' property to 'DEBUG'
2025-07-29 17:26:46.807 [restartedMain] [INFO] [logger{36}] - Multiple Spring Data modules found, entering strict repository configuration mode
2025-07-29 17:26:46.811 [restartedMain] [INFO] [logger{36}] - Bootstrapping Spring Data Redis repositories in DEFAULT mode.
2025-07-29 17:26:46.853 [restartedMain] [INFO] [logger{36}] - Finished Spring Data repository scanning in 18 ms. Found 0 Redis repository interfaces.
2025-07-29 17:26:47.668 [restartedMain] [INFO] [logger{36}] - Tomcat initialized with port 8080 (http)
2025-07-29 17:26:47.685 [restartedMain] [INFO] [logger{36}] - Starting service [Tomcat]
2025-07-29 17:26:47.685 [restartedMain] [INFO] [logger{36}] - Starting Servlet engine: [Apache Tomcat/10.1.43]
2025-07-29 17:26:47.842 [restartedMain] [INFO] [logger{36}] - Initializing Spring embedded WebApplicationContext
2025-07-29 17:26:47.842 [restartedMain] [INFO] [logger{36}] - Root WebApplicationContext: initialization completed in 3097 ms
2025-07-29 17:26:48.265 [restartedMain] [INFO] [logger{36}] - Failed to set up a Bean Validation provider: jakarta.validation.NoProviderFoundException: Unable to create a Configuration, because no Jakarta Bean Validation provider could be found. Add a provider like Hibernate Validator (RI) to your classpath.
2025-07-29 17:26:48.991 [restartedMain] [WARN] [logger{36}] - Exception encountered during context initialization - cancelling refresh attempt: org.springframework.beans.factory.BeanCreationException: Error creating bean with name 'dataSource' defined in class path resource [org/springframework/boot/autoconfigure/jdbc/DataSourceConfiguration$Hikari.class]: Failed to instantiate [com.zaxxer.hikari.HikariDataSource]: Factory method 'dataSource' threw exception with message: Failed to determine a suitable driver class
2025-07-29 17:26:49.008 [restartedMain] [INFO] [logger{36}] - Stopping service [Tomcat]
2025-07-29 17:26:49.027 [restartedMain] [INFO] [logger{36}] - 

Error starting ApplicationContext. To display the condition evaluation report re-run your application with 'debug' enabled.
2025-07-29 17:26:49.059 [restartedMain] [ERROR] [logger{36}] - 

***************************
APPLICATION FAILED TO START
***************************

Description:

Failed to configure a DataSource: 'url' attribute is not specified and no embedded datasource could be configured.

Reason: Failed to determine a suitable driver class


Action:

Consider the following:
	If you want an embedded database (H2, HSQL or Derby), please put it on the classpath.
	If you have database settings to be loaded from a particular profile you may need to activate it (no profiles are currently active).

